Compiling the CXX compiler identification source file "CMakeCXXCompilerId.cpp" failed.
Compiler: /Library/Developer/CommandLineTools/usr/bin/c++ 
Build flags: 
Id flags:  

The output was:
1
ld: library not found for -lc++
clang: error: linker command failed with exit code 1 (use -v to see invocation)


Compiling the C compiler identification source file "CMakeCCompilerId.c" failed.
Compiler: /Library/Developer/CommandLineTools/usr/bin/cc 
Build flags: 
Id flags:  

The output was:
1
ld: library not found for -lSystem
clang: error: linker command failed with exit code 1 (use -v to see invocation)


Compilation failed:
    source file: '/Users/vmantha/Desktop/parallelImageStitcher/include/opencv/cmake/checks/cpu_popcnt.cpp'
    check option: ''
===== BUILD LOG =====
Change Dir: /Users/vmantha/Desktop/parallelImageStitcher/include/build_opencv/CMakeFiles/CMakeTmp

Run Build Command(s):/usr/bin/make cmTC_249c8/fast && /Library/Developer/CommandLineTools/usr/bin/make  -f CMakeFiles/cmTC_249c8.dir/build.make CMakeFiles/cmTC_249c8.dir/build
Building CXX object CMakeFiles/cmTC_249c8.dir/cpu_popcnt.cpp.o
/Library/Developer/CommandLineTools/usr/bin/c++   -O3 -DNDEBUG -isysroot /Library/Developer/CommandLineTools/SDKs/MacOSX11.0.sdk -fPIE -std=c++11 -o CMakeFiles/cmTC_249c8.dir/cpu_popcnt.cpp.o -c /Users/vmantha/Desktop/parallelImageStitcher/include/opencv/cmake/checks/cpu_popcnt.cpp
/Users/vmantha/Desktop/parallelImageStitcher/include/opencv/cmake/checks/cpu_popcnt.cpp:14:4: error: "__POPCNT__ is not defined by compiler"
#  error "__POPCNT__ is not defined by compiler"
   ^
/Users/vmantha/Desktop/parallelImageStitcher/include/opencv/cmake/checks/cpu_popcnt.cpp:22:13: error: use of undeclared identifier 'CV_POPCNT_U32'
    int j = CV_POPCNT_U32(1);
            ^
2 errors generated.
make[1]: *** [CMakeFiles/cmTC_249c8.dir/cpu_popcnt.cpp.o] Error 1
make: *** [cmTC_249c8/fast] Error 2


===== END =====

Compilation failed:
    source file: '/Users/vmantha/Desktop/parallelImageStitcher/include/opencv/cmake/checks/cpu_sse42.cpp'
    check option: ''
===== BUILD LOG =====
Change Dir: /Users/vmantha/Desktop/parallelImageStitcher/include/build_opencv/CMakeFiles/CMakeTmp

Run Build Command(s):/usr/bin/make cmTC_8c3fb/fast && /Library/Developer/CommandLineTools/usr/bin/make  -f CMakeFiles/cmTC_8c3fb.dir/build.make CMakeFiles/cmTC_8c3fb.dir/build
Building CXX object CMakeFiles/cmTC_8c3fb.dir/cpu_sse42.cpp.o
/Library/Developer/CommandLineTools/usr/bin/c++   -O3 -DNDEBUG -isysroot /Library/Developer/CommandLineTools/SDKs/MacOSX11.0.sdk -fPIE -std=c++11 -o CMakeFiles/cmTC_8c3fb.dir/cpu_sse42.cpp.o -c /Users/vmantha/Desktop/parallelImageStitcher/include/opencv/cmake/checks/cpu_sse42.cpp
/Users/vmantha/Desktop/parallelImageStitcher/include/opencv/cmake/checks/cpu_sse42.cpp:5:24: error: always_inline function '_mm_crc32_u8' requires target feature 'sse4.2', but would be inlined into function 'main' that is compiled without support for 'sse4.2'
    unsigned int res = _mm_crc32_u8(1, 2);
                       ^
1 error generated.
make[1]: *** [CMakeFiles/cmTC_8c3fb.dir/cpu_sse42.cpp.o] Error 1
make: *** [cmTC_8c3fb/fast] Error 2


===== END =====

Compilation failed:
    source file: '/Users/vmantha/Desktop/parallelImageStitcher/include/opencv/cmake/checks/cpu_fp16.cpp'
    check option: ''
===== BUILD LOG =====
Change Dir: /Users/vmantha/Desktop/parallelImageStitcher/include/build_opencv/CMakeFiles/CMakeTmp

Run Build Command(s):/usr/bin/make cmTC_9af08/fast && /Library/Developer/CommandLineTools/usr/bin/make  -f CMakeFiles/cmTC_9af08.dir/build.make CMakeFiles/cmTC_9af08.dir/build
Building CXX object CMakeFiles/cmTC_9af08.dir/cpu_fp16.cpp.o
/Library/Developer/CommandLineTools/usr/bin/c++   -O3 -DNDEBUG -isysroot /Library/Developer/CommandLineTools/SDKs/MacOSX11.0.sdk -fPIE -std=c++11 -o CMakeFiles/cmTC_9af08.dir/cpu_fp16.cpp.o -c /Users/vmantha/Desktop/parallelImageStitcher/include/opencv/cmake/checks/cpu_fp16.cpp
/Users/vmantha/Desktop/parallelImageStitcher/include/opencv/cmake/checks/cpu_fp16.cpp:26:2: error: "FP16 is not supported"
#error "FP16 is not supported"
 ^
/Users/vmantha/Desktop/parallelImageStitcher/include/opencv/cmake/checks/cpu_fp16.cpp:31:18: error: use of undeclared identifier 'test'
  printf("%d\n", test());
                 ^
2 errors generated.
make[1]: *** [CMakeFiles/cmTC_9af08.dir/cpu_fp16.cpp.o] Error 1
make: *** [cmTC_9af08/fast] Error 2


===== END =====

Compilation failed:
    source file: '/Users/vmantha/Desktop/parallelImageStitcher/include/opencv/cmake/checks/cpu_avx.cpp'
    check option: ''
===== BUILD LOG =====
Change Dir: /Users/vmantha/Desktop/parallelImageStitcher/include/build_opencv/CMakeFiles/CMakeTmp

Run Build Command(s):/usr/bin/make cmTC_a8885/fast && /Library/Developer/CommandLineTools/usr/bin/make  -f CMakeFiles/cmTC_a8885.dir/build.make CMakeFiles/cmTC_a8885.dir/build
Building CXX object CMakeFiles/cmTC_a8885.dir/cpu_avx.cpp.o
/Library/Developer/CommandLineTools/usr/bin/c++   -O3 -DNDEBUG -isysroot /Library/Developer/CommandLineTools/SDKs/MacOSX11.0.sdk -fPIE -std=c++11 -o CMakeFiles/cmTC_a8885.dir/cpu_avx.cpp.o -c /Users/vmantha/Desktop/parallelImageStitcher/include/opencv/cmake/checks/cpu_avx.cpp
/Users/vmantha/Desktop/parallelImageStitcher/include/opencv/cmake/checks/cpu_avx.cpp:2:2: error: "__AVX__ define is missing"
#error "__AVX__ define is missing"
 ^
1 error generated.
make[1]: *** [CMakeFiles/cmTC_a8885.dir/cpu_avx.cpp.o] Error 1
make: *** [cmTC_a8885/fast] Error 2


===== END =====

Compilation failed:
    source file: '/Users/vmantha/Desktop/parallelImageStitcher/include/opencv/cmake/checks/cpu_avx2.cpp'
    check option: ''
===== BUILD LOG =====
Change Dir: /Users/vmantha/Desktop/parallelImageStitcher/include/build_opencv/CMakeFiles/CMakeTmp

Run Build Command(s):/usr/bin/make cmTC_bd170/fast && /Library/Developer/CommandLineTools/usr/bin/make  -f CMakeFiles/cmTC_bd170.dir/build.make CMakeFiles/cmTC_bd170.dir/build
Building CXX object CMakeFiles/cmTC_bd170.dir/cpu_avx2.cpp.o
/Library/Developer/CommandLineTools/usr/bin/c++   -O3 -DNDEBUG -isysroot /Library/Developer/CommandLineTools/SDKs/MacOSX11.0.sdk -fPIE -std=c++11 -o CMakeFiles/cmTC_bd170.dir/cpu_avx2.cpp.o -c /Users/vmantha/Desktop/parallelImageStitcher/include/opencv/cmake/checks/cpu_avx2.cpp
/Users/vmantha/Desktop/parallelImageStitcher/include/opencv/cmake/checks/cpu_avx2.cpp:2:2: error: "__AVX2__ define is missing"
#error "__AVX2__ define is missing"
 ^
1 error generated.
make[1]: *** [CMakeFiles/cmTC_bd170.dir/cpu_avx2.cpp.o] Error 1
make: *** [cmTC_bd170/fast] Error 2


===== END =====

Compilation failed:
    source file: '/Users/vmantha/Desktop/parallelImageStitcher/include/opencv/cmake/checks/cpu_avx512.cpp'
    check option: ''
===== BUILD LOG =====
Change Dir: /Users/vmantha/Desktop/parallelImageStitcher/include/build_opencv/CMakeFiles/CMakeTmp

Run Build Command(s):/usr/bin/make cmTC_a7c99/fast && /Library/Developer/CommandLineTools/usr/bin/make  -f CMakeFiles/cmTC_a7c99.dir/build.make CMakeFiles/cmTC_a7c99.dir/build
Building CXX object CMakeFiles/cmTC_a7c99.dir/cpu_avx512.cpp.o
/Library/Developer/CommandLineTools/usr/bin/c++   -O3 -DNDEBUG -isysroot /Library/Developer/CommandLineTools/SDKs/MacOSX11.0.sdk -fPIE -std=c++11 -o CMakeFiles/cmTC_a7c99.dir/cpu_avx512.cpp.o -c /Users/vmantha/Desktop/parallelImageStitcher/include/opencv/cmake/checks/cpu_avx512.cpp
/Users/vmantha/Desktop/parallelImageStitcher/include/opencv/cmake/checks/cpu_avx512.cpp:11:2: error: "AVX512 is not supported"
#error "AVX512 is not supported"
 ^
1 error generated.
make[1]: *** [CMakeFiles/cmTC_a7c99.dir/cpu_avx512.cpp.o] Error 1
make: *** [cmTC_a7c99/fast] Error 2


===== END =====

Compilation failed:
    source file: '/Users/vmantha/Desktop/parallelImageStitcher/include/opencv/cmake/checks/cpu_avx512common.cpp'
    check option: ''
===== BUILD LOG =====
Change Dir: /Users/vmantha/Desktop/parallelImageStitcher/include/build_opencv/CMakeFiles/CMakeTmp

Run Build Command(s):/usr/bin/make cmTC_261a9/fast && /Library/Developer/CommandLineTools/usr/bin/make  -f CMakeFiles/cmTC_261a9.dir/build.make CMakeFiles/cmTC_261a9.dir/build
Building CXX object CMakeFiles/cmTC_261a9.dir/cpu_avx512common.cpp.o
/Library/Developer/CommandLineTools/usr/bin/c++   -O3 -DNDEBUG -isysroot /Library/Developer/CommandLineTools/SDKs/MacOSX11.0.sdk -fPIE -std=c++11 -o CMakeFiles/cmTC_261a9.dir/cpu_avx512common.cpp.o -c /Users/vmantha/Desktop/parallelImageStitcher/include/opencv/cmake/checks/cpu_avx512common.cpp
/Users/vmantha/Desktop/parallelImageStitcher/include/opencv/cmake/checks/cpu_avx512common.cpp:12:2: error: "AVX512-COMMON is not supported"
#error "AVX512-COMMON is not supported"
 ^
1 error generated.
make[1]: *** [CMakeFiles/cmTC_261a9.dir/cpu_avx512common.cpp.o] Error 1
make: *** [cmTC_261a9/fast] Error 2


===== END =====

Compilation failed:
    source file: '/Users/vmantha/Desktop/parallelImageStitcher/include/opencv/cmake/checks/cpu_avx512knl.cpp'
    check option: ''
===== BUILD LOG =====
Change Dir: /Users/vmantha/Desktop/parallelImageStitcher/include/build_opencv/CMakeFiles/CMakeTmp

Run Build Command(s):/usr/bin/make cmTC_a1e59/fast && /Library/Developer/CommandLineTools/usr/bin/make  -f CMakeFiles/cmTC_a1e59.dir/build.make CMakeFiles/cmTC_a1e59.dir/build
Building CXX object CMakeFiles/cmTC_a1e59.dir/cpu_avx512knl.cpp.o
/Library/Developer/CommandLineTools/usr/bin/c++   -O3 -DNDEBUG -isysroot /Library/Developer/CommandLineTools/SDKs/MacOSX11.0.sdk -fPIE -std=c++11 -o CMakeFiles/cmTC_a1e59.dir/cpu_avx512knl.cpp.o -c /Users/vmantha/Desktop/parallelImageStitcher/include/opencv/cmake/checks/cpu_avx512knl.cpp
/Users/vmantha/Desktop/parallelImageStitcher/include/opencv/cmake/checks/cpu_avx512knl.cpp:14:2: error: "AVX512-KNL is not supported"
#error "AVX512-KNL is not supported"
 ^
1 error generated.
make[1]: *** [CMakeFiles/cmTC_a1e59.dir/cpu_avx512knl.cpp.o] Error 1
make: *** [cmTC_a1e59/fast] Error 2


===== END =====

Compilation failed:
    source file: '/Users/vmantha/Desktop/parallelImageStitcher/include/opencv/cmake/checks/cpu_avx512knm.cpp'
    check option: ''
===== BUILD LOG =====
Change Dir: /Users/vmantha/Desktop/parallelImageStitcher/include/build_opencv/CMakeFiles/CMakeTmp

Run Build Command(s):/usr/bin/make cmTC_dff7b/fast && /Library/Developer/CommandLineTools/usr/bin/make  -f CMakeFiles/cmTC_dff7b.dir/build.make CMakeFiles/cmTC_dff7b.dir/build
Building CXX object CMakeFiles/cmTC_dff7b.dir/cpu_avx512knm.cpp.o
/Library/Developer/CommandLineTools/usr/bin/c++   -O3 -DNDEBUG -isysroot /Library/Developer/CommandLineTools/SDKs/MacOSX11.0.sdk -fPIE -std=c++11 -o CMakeFiles/cmTC_dff7b.dir/cpu_avx512knm.cpp.o -c /Users/vmantha/Desktop/parallelImageStitcher/include/opencv/cmake/checks/cpu_avx512knm.cpp
/Users/vmantha/Desktop/parallelImageStitcher/include/opencv/cmake/checks/cpu_avx512knm.cpp:15:2: error: "AVX512-KNM is not supported"
#error "AVX512-KNM is not supported"
 ^
1 error generated.
make[1]: *** [CMakeFiles/cmTC_dff7b.dir/cpu_avx512knm.cpp.o] Error 1
make: *** [cmTC_dff7b/fast] Error 2


===== END =====

Compilation failed:
    source file: '/Users/vmantha/Desktop/parallelImageStitcher/include/opencv/cmake/checks/cpu_avx512knm.cpp'
    check option: ' -mavx512f -mavx512cd -mavx512er -mavx512pf -mavx5124fmaps -mavx5124vnniw -mavx512vpopcntdq'
===== BUILD LOG =====
Change Dir: /Users/vmantha/Desktop/parallelImageStitcher/include/build_opencv/CMakeFiles/CMakeTmp

Run Build Command(s):/usr/bin/make cmTC_16aee/fast && /Library/Developer/CommandLineTools/usr/bin/make  -f CMakeFiles/cmTC_16aee.dir/build.make CMakeFiles/cmTC_16aee.dir/build
Building CXX object CMakeFiles/cmTC_16aee.dir/cpu_avx512knm.cpp.o
/Library/Developer/CommandLineTools/usr/bin/c++   -O3 -DNDEBUG -isysroot /Library/Developer/CommandLineTools/SDKs/MacOSX11.0.sdk -fPIE    -mavx512f -mavx512cd -mavx512er -mavx512pf -mavx5124fmaps -mavx5124vnniw -mavx512vpopcntdq -std=c++11 -o CMakeFiles/cmTC_16aee.dir/cpu_avx512knm.cpp.o -c /Users/vmantha/Desktop/parallelImageStitcher/include/opencv/cmake/checks/cpu_avx512knm.cpp
clang: error: unknown argument: '-mavx5124fmaps'
clang: error: unknown argument: '-mavx5124vnniw'
make[1]: *** [CMakeFiles/cmTC_16aee.dir/cpu_avx512knm.cpp.o] Error 1
make: *** [cmTC_16aee/fast] Error 2


===== END =====

Compilation failed:
    source file: '/Users/vmantha/Desktop/parallelImageStitcher/include/opencv/cmake/checks/cpu_avx512skx.cpp'
    check option: ''
===== BUILD LOG =====
Change Dir: /Users/vmantha/Desktop/parallelImageStitcher/include/build_opencv/CMakeFiles/CMakeTmp

Run Build Command(s):/usr/bin/make cmTC_19f19/fast && /Library/Developer/CommandLineTools/usr/bin/make  -f CMakeFiles/cmTC_19f19.dir/build.make CMakeFiles/cmTC_19f19.dir/build
Building CXX object CMakeFiles/cmTC_19f19.dir/cpu_avx512skx.cpp.o
/Library/Developer/CommandLineTools/usr/bin/c++   -O3 -DNDEBUG -isysroot /Library/Developer/CommandLineTools/SDKs/MacOSX11.0.sdk -fPIE -std=c++11 -o CMakeFiles/cmTC_19f19.dir/cpu_avx512skx.cpp.o -c /Users/vmantha/Desktop/parallelImageStitcher/include/opencv/cmake/checks/cpu_avx512skx.cpp
/Users/vmantha/Desktop/parallelImageStitcher/include/opencv/cmake/checks/cpu_avx512skx.cpp:30:2: error: "AVX512-SKX is not supported"
#error "AVX512-SKX is not supported"
 ^
1 error generated.
make[1]: *** [CMakeFiles/cmTC_19f19.dir/cpu_avx512skx.cpp.o] Error 1
make: *** [cmTC_19f19/fast] Error 2


===== END =====

Compilation failed:
    source file: '/Users/vmantha/Desktop/parallelImageStitcher/include/opencv/cmake/checks/cpu_avx512cnl.cpp'
    check option: ''
===== BUILD LOG =====
Change Dir: /Users/vmantha/Desktop/parallelImageStitcher/include/build_opencv/CMakeFiles/CMakeTmp

Run Build Command(s):/usr/bin/make cmTC_7cfce/fast && /Library/Developer/CommandLineTools/usr/bin/make  -f CMakeFiles/cmTC_7cfce.dir/build.make CMakeFiles/cmTC_7cfce.dir/build
Building CXX object CMakeFiles/cmTC_7cfce.dir/cpu_avx512cnl.cpp.o
/Library/Developer/CommandLineTools/usr/bin/c++   -O3 -DNDEBUG -isysroot /Library/Developer/CommandLineTools/SDKs/MacOSX11.0.sdk -fPIE -std=c++11 -o CMakeFiles/cmTC_7cfce.dir/cpu_avx512cnl.cpp.o -c /Users/vmantha/Desktop/parallelImageStitcher/include/opencv/cmake/checks/cpu_avx512cnl.cpp
/Users/vmantha/Desktop/parallelImageStitcher/include/opencv/cmake/checks/cpu_avx512cnl.cpp:10:2: error: "AVX512-CNL is not supported"
#error "AVX512-CNL is not supported"
 ^
1 error generated.
make[1]: *** [CMakeFiles/cmTC_7cfce.dir/cpu_avx512cnl.cpp.o] Error 1
make: *** [cmTC_7cfce/fast] Error 2


===== END =====

Compilation failed:
    source file: '/Users/vmantha/Desktop/parallelImageStitcher/include/opencv/cmake/checks/cpu_avx512clx.cpp'
    check option: ''
===== BUILD LOG =====
Change Dir: /Users/vmantha/Desktop/parallelImageStitcher/include/build_opencv/CMakeFiles/CMakeTmp

Run Build Command(s):/usr/bin/make cmTC_14d91/fast && /Library/Developer/CommandLineTools/usr/bin/make  -f CMakeFiles/cmTC_14d91.dir/build.make CMakeFiles/cmTC_14d91.dir/build
Building CXX object CMakeFiles/cmTC_14d91.dir/cpu_avx512clx.cpp.o
/Library/Developer/CommandLineTools/usr/bin/c++   -O3 -DNDEBUG -isysroot /Library/Developer/CommandLineTools/SDKs/MacOSX11.0.sdk -fPIE -std=c++11 -o CMakeFiles/cmTC_14d91.dir/cpu_avx512clx.cpp.o -c /Users/vmantha/Desktop/parallelImageStitcher/include/opencv/cmake/checks/cpu_avx512clx.cpp
/Users/vmantha/Desktop/parallelImageStitcher/include/opencv/cmake/checks/cpu_avx512clx.cpp:9:2: error: "AVX512-CLX is not supported"
#error "AVX512-CLX is not supported"
 ^
1 error generated.
make[1]: *** [CMakeFiles/cmTC_14d91.dir/cpu_avx512clx.cpp.o] Error 1
make: *** [cmTC_14d91/fast] Error 2


===== END =====

Compilation failed:
    source file: '/Users/vmantha/Desktop/parallelImageStitcher/include/opencv/cmake/checks/cpu_avx512icl.cpp'
    check option: ''
===== BUILD LOG =====
Change Dir: /Users/vmantha/Desktop/parallelImageStitcher/include/build_opencv/CMakeFiles/CMakeTmp

Run Build Command(s):/usr/bin/make cmTC_281c6/fast && /Library/Developer/CommandLineTools/usr/bin/make  -f CMakeFiles/cmTC_281c6.dir/build.make CMakeFiles/cmTC_281c6.dir/build
Building CXX object CMakeFiles/cmTC_281c6.dir/cpu_avx512icl.cpp.o
/Library/Developer/CommandLineTools/usr/bin/c++   -O3 -DNDEBUG -isysroot /Library/Developer/CommandLineTools/SDKs/MacOSX11.0.sdk -fPIE -std=c++11 -o CMakeFiles/cmTC_281c6.dir/cpu_avx512icl.cpp.o -c /Users/vmantha/Desktop/parallelImageStitcher/include/opencv/cmake/checks/cpu_avx512icl.cpp
/Users/vmantha/Desktop/parallelImageStitcher/include/opencv/cmake/checks/cpu_avx512icl.cpp:12:2: error: "AVX512-ICL is not supported"
#error "AVX512-ICL is not supported"
 ^
1 error generated.
make[1]: *** [CMakeFiles/cmTC_281c6.dir/cpu_avx512icl.cpp.o] Error 1
make: *** [cmTC_281c6/fast] Error 2


===== END =====

Compilation failed:
    source file: '/Users/vmantha/Desktop/parallelImageStitcher/include/build_opencv/CMakeFiles/CMakeTmp/src.cxx'
    check option: ''
===== BUILD LOG =====
Change Dir: /Users/vmantha/Desktop/parallelImageStitcher/include/build_opencv/CMakeFiles/CMakeTmp

Run Build Command(s):/usr/bin/make cmTC_ae475/fast && /Library/Developer/CommandLineTools/usr/bin/make  -f CMakeFiles/cmTC_ae475.dir/build.make CMakeFiles/cmTC_ae475.dir/build
Building CXX object CMakeFiles/cmTC_ae475.dir/src.cxx.o
/Library/Developer/CommandLineTools/usr/bin/c++   -O3 -DNDEBUG -isysroot /Library/Developer/CommandLineTools/SDKs/MacOSX11.0.sdk -fPIE -std=c++11 -o CMakeFiles/cmTC_ae475.dir/src.cxx.o -c /Users/vmantha/Desktop/parallelImageStitcher/include/build_opencv/CMakeFiles/CMakeTmp/src.cxx
Linking CXX executable cmTC_ae475
/usr/local/Cellar/cmake/3.18.2/bin/cmake -E cmake_link_script CMakeFiles/cmTC_ae475.dir/link.txt --verbose=1
/Library/Developer/CommandLineTools/usr/bin/c++ -O3 -DNDEBUG -isysroot /Library/Developer/CommandLineTools/SDKs/MacOSX11.0.sdk -Wl,-search_paths_first -Wl,-headerpad_max_install_names  -Wl,--as-needed  CMakeFiles/cmTC_ae475.dir/src.cxx.o -o cmTC_ae475 
ld: unknown option: --as-needed
clang: error: linker command failed with exit code 1 (use -v to see invocation)
make[1]: *** [cmTC_ae475] Error 1
make: *** [cmTC_ae475/fast] Error 2


===== END =====

Determining if the include file malloc.h exists failed with the following output:
Change Dir: /Users/vmantha/Desktop/parallelImageStitcher/include/build_opencv/CMakeFiles/CMakeTmp

Run Build Command(s):/usr/bin/make cmTC_5140a/fast && /Library/Developer/CommandLineTools/usr/bin/make  -f CMakeFiles/cmTC_5140a.dir/build.make CMakeFiles/cmTC_5140a.dir/build
Building C object CMakeFiles/cmTC_5140a.dir/CheckIncludeFile.c.o
/Library/Developer/CommandLineTools/usr/bin/cc   -fsigned-char -W -Wall -Werror=return-type -Werror=non-virtual-dtor -Werror=address -Werror=sequence-point -Wformat -Werror=format-security -Wmissing-declarations -Wmissing-prototypes -Wstrict-prototypes -Wundef -Winit-self -Wpointer-arith -Wshadow -Wsign-promo -Wuninitialized -Wno-delete-non-virtual-dtor -Wno-unnamed-type-template-args -Wno-comment -fdiagnostics-show-option -Wno-long-long -Qunused-arguments -Wno-semicolon-before-method-body -ffunction-sections -fdata-sections  -fvisibility=hidden -fvisibility-inlines-hidden  -O3 -DNDEBUG  -DNDEBUG -isysroot /Library/Developer/CommandLineTools/SDKs/MacOSX11.0.sdk -fPIE -o CMakeFiles/cmTC_5140a.dir/CheckIncludeFile.c.o -c /Users/vmantha/Desktop/parallelImageStitcher/include/build_opencv/CMakeFiles/CMakeTmp/CheckIncludeFile.c
/Users/vmantha/Desktop/parallelImageStitcher/include/build_opencv/CMakeFiles/CMakeTmp/CheckIncludeFile.c:1:10: fatal error: 'malloc.h' file not found
#include <malloc.h>
         ^~~~~~~~~~
1 error generated.
make[1]: *** [CMakeFiles/cmTC_5140a.dir/CheckIncludeFile.c.o] Error 1
make: *** [cmTC_5140a/fast] Error 2



Determining size of off64_t failed with the following output:
Change Dir: /Users/vmantha/Desktop/parallelImageStitcher/include/build_opencv/CMakeFiles/CMakeTmp

Run Build Command(s):/usr/bin/make cmTC_b93f9/fast && /Library/Developer/CommandLineTools/usr/bin/make  -f CMakeFiles/cmTC_b93f9.dir/build.make CMakeFiles/cmTC_b93f9.dir/build
Building C object CMakeFiles/cmTC_b93f9.dir/OFF64_T.c.o
/Library/Developer/CommandLineTools/usr/bin/cc   -fsigned-char -W -Wall -Werror=return-type -Werror=non-virtual-dtor -Werror=address -Werror=sequence-point -Wformat -Werror=format-security -Wmissing-declarations -Wmissing-prototypes -Wstrict-prototypes -Wundef -Winit-self -Wpointer-arith -Wshadow -Wsign-promo -Wuninitialized -Wno-delete-non-virtual-dtor -Wno-unnamed-type-template-args -Wno-comment -fdiagnostics-show-option -Wno-long-long -Qunused-arguments -Wno-semicolon-before-method-body -ffunction-sections -fdata-sections  -fvisibility=hidden -fvisibility-inlines-hidden  -O3 -DNDEBUG  -DNDEBUG -isysroot /Library/Developer/CommandLineTools/SDKs/MacOSX11.0.sdk -fPIE -o CMakeFiles/cmTC_b93f9.dir/OFF64_T.c.o -c /Users/vmantha/Desktop/parallelImageStitcher/include/build_opencv/CMakeFiles/CheckTypeSize/OFF64_T.c
/Users/vmantha/Desktop/parallelImageStitcher/include/build_opencv/CMakeFiles/CheckTypeSize/OFF64_T.c:29:12: error: use of undeclared identifier 'off64_t'
  ('0' + ((SIZE / 10000)%10)),
           ^
/Users/vmantha/Desktop/parallelImageStitcher/include/build_opencv/CMakeFiles/CheckTypeSize/OFF64_T.c:27:22: note: expanded from macro 'SIZE'
#define SIZE (sizeof(off64_t))
                     ^
/Users/vmantha/Desktop/parallelImageStitcher/include/build_opencv/CMakeFiles/CheckTypeSize/OFF64_T.c:30:12: error: use of undeclared identifier 'off64_t'
  ('0' + ((SIZE / 1000)%10)),
           ^
/Users/vmantha/Desktop/parallelImageStitcher/include/build_opencv/CMakeFiles/CheckTypeSize/OFF64_T.c:27:22: note: expanded from macro 'SIZE'
#define SIZE (sizeof(off64_t))
                     ^
/Users/vmantha/Desktop/parallelImageStitcher/include/build_opencv/CMakeFiles/CheckTypeSize/OFF64_T.c:31:12: error: use of undeclared identifier 'off64_t'
  ('0' + ((SIZE / 100)%10)),
           ^
/Users/vmantha/Desktop/parallelImageStitcher/include/build_opencv/CMakeFiles/CheckTypeSize/OFF64_T.c:27:22: note: expanded from macro 'SIZE'
#define SIZE (sizeof(off64_t))
                     ^
/Users/vmantha/Desktop/parallelImageStitcher/include/build_opencv/CMakeFiles/CheckTypeSize/OFF64_T.c:32:12: error: use of undeclared identifier 'off64_t'
  ('0' + ((SIZE / 10)%10)),
           ^
/Users/vmantha/Desktop/parallelImageStitcher/include/build_opencv/CMakeFiles/CheckTypeSize/OFF64_T.c:27:22: note: expanded from macro 'SIZE'
#define SIZE (sizeof(off64_t))
                     ^
/Users/vmantha/Desktop/parallelImageStitcher/include/build_opencv/CMakeFiles/CheckTypeSize/OFF64_T.c:33:12: error: use of undeclared identifier 'off64_t'
  ('0' +  (SIZE    % 10)),
           ^
/Users/vmantha/Desktop/parallelImageStitcher/include/build_opencv/CMakeFiles/CheckTypeSize/OFF64_T.c:27:22: note: expanded from macro 'SIZE'
#define SIZE (sizeof(off64_t))
                     ^
5 errors generated.
make[1]: *** [CMakeFiles/cmTC_b93f9.dir/OFF64_T.c.o] Error 1
make: *** [cmTC_b93f9/fast] Error 2


/Users/vmantha/Desktop/parallelImageStitcher/include/build_opencv/CMakeFiles/CheckTypeSize/OFF64_T.c:
#include <sys/types.h>
#include <stdint.h>
#include <stddef.h>


#undef KEY
#if defined(__i386)
# define KEY '_','_','i','3','8','6'
#elif defined(__x86_64)
# define KEY '_','_','x','8','6','_','6','4'
#elif defined(__PPC64__)
# define KEY '_','_','P','P','C','6','4','_','_'
#elif defined(__ppc64__)
# define KEY '_','_','p','p','c','6','4','_','_'
#elif defined(__PPC__)
# define KEY '_','_','P','P','C','_','_'
#elif defined(__ppc__)
# define KEY '_','_','p','p','c','_','_'
#elif defined(__aarch64__)
# define KEY '_','_','a','a','r','c','h','6','4','_','_'
#elif defined(__ARM_ARCH_7A__)
# define KEY '_','_','A','R','M','_','A','R','C','H','_','7','A','_','_'
#elif defined(__ARM_ARCH_7S__)
# define KEY '_','_','A','R','M','_','A','R','C','H','_','7','S','_','_'
#endif

#define SIZE (sizeof(off64_t))
static char info_size[] =  {'I', 'N', 'F', 'O', ':', 's','i','z','e','[',
  ('0' + ((SIZE / 10000)%10)),
  ('0' + ((SIZE / 1000)%10)),
  ('0' + ((SIZE / 100)%10)),
  ('0' + ((SIZE / 10)%10)),
  ('0' +  (SIZE    % 10)),
  ']',
#ifdef KEY
  ' ','k','e','y','[', KEY, ']',
#endif
  '\0'};

#ifdef __CLASSIC_C__
int main(argc, argv) int argc; char *argv[];
#else
int main(int argc, char *argv[])
#endif
{
  int require = 0;
  require += info_size[argc];
  (void)argv;
  return require;
}


Determining if the include file io.h exists failed with the following output:
Change Dir: /Users/vmantha/Desktop/parallelImageStitcher/include/build_opencv/CMakeFiles/CMakeTmp

Run Build Command(s):/usr/bin/make cmTC_d7a3b/fast && /Library/Developer/CommandLineTools/usr/bin/make  -f CMakeFiles/cmTC_d7a3b.dir/build.make CMakeFiles/cmTC_d7a3b.dir/build
Building C object CMakeFiles/cmTC_d7a3b.dir/CheckIncludeFile.c.o
/Library/Developer/CommandLineTools/usr/bin/cc   -fsigned-char -W -Wall -Werror=return-type -Werror=non-virtual-dtor -Werror=address -Werror=sequence-point -Wformat -Werror=format-security -Wmissing-declarations -Wmissing-prototypes -Wstrict-prototypes -Wundef -Winit-self -Wpointer-arith -Wshadow -Wsign-promo -Wuninitialized -Wno-delete-non-virtual-dtor -Wno-unnamed-type-template-args -Wno-comment -fdiagnostics-show-option -Wno-long-long -Qunused-arguments -Wno-semicolon-before-method-body -ffunction-sections -fdata-sections  -fvisibility=hidden -fvisibility-inlines-hidden  -O3 -DNDEBUG  -DNDEBUG -isysroot /Library/Developer/CommandLineTools/SDKs/MacOSX11.0.sdk -fPIE -o CMakeFiles/cmTC_d7a3b.dir/CheckIncludeFile.c.o -c /Users/vmantha/Desktop/parallelImageStitcher/include/build_opencv/CMakeFiles/CMakeTmp/CheckIncludeFile.c
/Users/vmantha/Desktop/parallelImageStitcher/include/build_opencv/CMakeFiles/CMakeTmp/CheckIncludeFile.c:1:10: fatal error: 'io.h' file not found
#include <io.h>
         ^~~~~~
1 error generated.
make[1]: *** [CMakeFiles/cmTC_d7a3b.dir/CheckIncludeFile.c.o] Error 1
make: *** [cmTC_d7a3b/fast] Error 2



Determining size of INT8 failed with the following output:
Change Dir: /Users/vmantha/Desktop/parallelImageStitcher/include/build_opencv/CMakeFiles/CMakeTmp

Run Build Command(s):/usr/bin/make cmTC_10b11/fast && /Library/Developer/CommandLineTools/usr/bin/make  -f CMakeFiles/cmTC_10b11.dir/build.make CMakeFiles/cmTC_10b11.dir/build
Building C object CMakeFiles/cmTC_10b11.dir/int8.c.o
/Library/Developer/CommandLineTools/usr/bin/cc   -fsigned-char -W -Wall -Werror=return-type -Werror=non-virtual-dtor -Werror=address -Werror=sequence-point -Wformat -Werror=format-security -Wmissing-declarations -Wmissing-prototypes -Wstrict-prototypes -Wundef -Winit-self -Wpointer-arith -Wshadow -Wsign-promo -Wuninitialized -Wno-delete-non-virtual-dtor -Wno-unnamed-type-template-args -Wno-comment -fdiagnostics-show-option -Wno-long-long -Qunused-arguments -Wno-semicolon-before-method-body -ffunction-sections -fdata-sections  -fvisibility=hidden -fvisibility-inlines-hidden  -O3 -DNDEBUG  -DNDEBUG -isysroot /Library/Developer/CommandLineTools/SDKs/MacOSX11.0.sdk -fPIE -o CMakeFiles/cmTC_10b11.dir/int8.c.o -c /Users/vmantha/Desktop/parallelImageStitcher/include/build_opencv/CMakeFiles/CheckTypeSize/int8.c
/Users/vmantha/Desktop/parallelImageStitcher/include/build_opencv/CMakeFiles/CheckTypeSize/int8.c:29:12: error: use of undeclared identifier 'INT8'
  ('0' + ((SIZE / 10000)%10)),
           ^
/Users/vmantha/Desktop/parallelImageStitcher/include/build_opencv/CMakeFiles/CheckTypeSize/int8.c:27:22: note: expanded from macro 'SIZE'
#define SIZE (sizeof(INT8))
                     ^
/Users/vmantha/Desktop/parallelImageStitcher/include/build_opencv/CMakeFiles/CheckTypeSize/int8.c:30:12: error: use of undeclared identifier 'INT8'
  ('0' + ((SIZE / 1000)%10)),
           ^
/Users/vmantha/Desktop/parallelImageStitcher/include/build_opencv/CMakeFiles/CheckTypeSize/int8.c:27:22: note: expanded from macro 'SIZE'
#define SIZE (sizeof(INT8))
                     ^
/Users/vmantha/Desktop/parallelImageStitcher/include/build_opencv/CMakeFiles/CheckTypeSize/int8.c:31:12: error: use of undeclared identifier 'INT8'
  ('0' + ((SIZE / 100)%10)),
           ^
/Users/vmantha/Desktop/parallelImageStitcher/include/build_opencv/CMakeFiles/CheckTypeSize/int8.c:27:22: note: expanded from macro 'SIZE'
#define SIZE (sizeof(INT8))
                     ^
/Users/vmantha/Desktop/parallelImageStitcher/include/build_opencv/CMakeFiles/CheckTypeSize/int8.c:32:12: error: use of undeclared identifier 'INT8'
  ('0' + ((SIZE / 10)%10)),
           ^
/Users/vmantha/Desktop/parallelImageStitcher/include/build_opencv/CMakeFiles/CheckTypeSize/int8.c:27:22: note: expanded from macro 'SIZE'
#define SIZE (sizeof(INT8))
                     ^
/Users/vmantha/Desktop/parallelImageStitcher/include/build_opencv/CMakeFiles/CheckTypeSize/int8.c:33:12: error: use of undeclared identifier 'INT8'
  ('0' +  (SIZE    % 10)),
           ^
/Users/vmantha/Desktop/parallelImageStitcher/include/build_opencv/CMakeFiles/CheckTypeSize/int8.c:27:22: note: expanded from macro 'SIZE'
#define SIZE (sizeof(INT8))
                     ^
5 errors generated.
make[1]: *** [CMakeFiles/cmTC_10b11.dir/int8.c.o] Error 1
make: *** [cmTC_10b11/fast] Error 2


/Users/vmantha/Desktop/parallelImageStitcher/include/build_opencv/CMakeFiles/CheckTypeSize/int8.c:
#include <sys/types.h>
#include <stdint.h>
#include <stddef.h>


#undef KEY
#if defined(__i386)
# define KEY '_','_','i','3','8','6'
#elif defined(__x86_64)
# define KEY '_','_','x','8','6','_','6','4'
#elif defined(__PPC64__)
# define KEY '_','_','P','P','C','6','4','_','_'
#elif defined(__ppc64__)
# define KEY '_','_','p','p','c','6','4','_','_'
#elif defined(__PPC__)
# define KEY '_','_','P','P','C','_','_'
#elif defined(__ppc__)
# define KEY '_','_','p','p','c','_','_'
#elif defined(__aarch64__)
# define KEY '_','_','a','a','r','c','h','6','4','_','_'
#elif defined(__ARM_ARCH_7A__)
# define KEY '_','_','A','R','M','_','A','R','C','H','_','7','A','_','_'
#elif defined(__ARM_ARCH_7S__)
# define KEY '_','_','A','R','M','_','A','R','C','H','_','7','S','_','_'
#endif

#define SIZE (sizeof(INT8))
static char info_size[] =  {'I', 'N', 'F', 'O', ':', 's','i','z','e','[',
  ('0' + ((SIZE / 10000)%10)),
  ('0' + ((SIZE / 1000)%10)),
  ('0' + ((SIZE / 100)%10)),
  ('0' + ((SIZE / 10)%10)),
  ('0' +  (SIZE    % 10)),
  ']',
#ifdef KEY
  ' ','k','e','y','[', KEY, ']',
#endif
  '\0'};

#ifdef __CLASSIC_C__
int main(argc, argv) int argc; char *argv[];
#else
int main(int argc, char *argv[])
#endif
{
  int require = 0;
  require += info_size[argc];
  (void)argv;
  return require;
}


Determining size of INT16 failed with the following output:
Change Dir: /Users/vmantha/Desktop/parallelImageStitcher/include/build_opencv/CMakeFiles/CMakeTmp

Run Build Command(s):/usr/bin/make cmTC_aabf7/fast && /Library/Developer/CommandLineTools/usr/bin/make  -f CMakeFiles/cmTC_aabf7.dir/build.make CMakeFiles/cmTC_aabf7.dir/build
Building C object CMakeFiles/cmTC_aabf7.dir/int16.c.o
/Library/Developer/CommandLineTools/usr/bin/cc   -fsigned-char -W -Wall -Werror=return-type -Werror=non-virtual-dtor -Werror=address -Werror=sequence-point -Wformat -Werror=format-security -Wmissing-declarations -Wmissing-prototypes -Wstrict-prototypes -Wundef -Winit-self -Wpointer-arith -Wshadow -Wsign-promo -Wuninitialized -Wno-delete-non-virtual-dtor -Wno-unnamed-type-template-args -Wno-comment -fdiagnostics-show-option -Wno-long-long -Qunused-arguments -Wno-semicolon-before-method-body -ffunction-sections -fdata-sections  -fvisibility=hidden -fvisibility-inlines-hidden  -O3 -DNDEBUG  -DNDEBUG -isysroot /Library/Developer/CommandLineTools/SDKs/MacOSX11.0.sdk -fPIE -o CMakeFiles/cmTC_aabf7.dir/int16.c.o -c /Users/vmantha/Desktop/parallelImageStitcher/include/build_opencv/CMakeFiles/CheckTypeSize/int16.c
/Users/vmantha/Desktop/parallelImageStitcher/include/build_opencv/CMakeFiles/CheckTypeSize/int16.c:29:12: error: use of undeclared identifier 'INT16'
  ('0' + ((SIZE / 10000)%10)),
           ^
/Users/vmantha/Desktop/parallelImageStitcher/include/build_opencv/CMakeFiles/CheckTypeSize/int16.c:27:22: note: expanded from macro 'SIZE'
#define SIZE (sizeof(INT16))
                     ^
/Users/vmantha/Desktop/parallelImageStitcher/include/build_opencv/CMakeFiles/CheckTypeSize/int16.c:30:12: error: use of undeclared identifier 'INT16'
  ('0' + ((SIZE / 1000)%10)),
           ^
/Users/vmantha/Desktop/parallelImageStitcher/include/build_opencv/CMakeFiles/CheckTypeSize/int16.c:27:22: note: expanded from macro 'SIZE'
#define SIZE (sizeof(INT16))
                     ^
/Users/vmantha/Desktop/parallelImageStitcher/include/build_opencv/CMakeFiles/CheckTypeSize/int16.c:31:12: error: use of undeclared identifier 'INT16'
  ('0' + ((SIZE / 100)%10)),
           ^
/Users/vmantha/Desktop/parallelImageStitcher/include/build_opencv/CMakeFiles/CheckTypeSize/int16.c:27:22: note: expanded from macro 'SIZE'
#define SIZE (sizeof(INT16))
                     ^
/Users/vmantha/Desktop/parallelImageStitcher/include/build_opencv/CMakeFiles/CheckTypeSize/int16.c:32:12: error: use of undeclared identifier 'INT16'
  ('0' + ((SIZE / 10)%10)),
           ^
/Users/vmantha/Desktop/parallelImageStitcher/include/build_opencv/CMakeFiles/CheckTypeSize/int16.c:27:22: note: expanded from macro 'SIZE'
#define SIZE (sizeof(INT16))
                     ^
/Users/vmantha/Desktop/parallelImageStitcher/include/build_opencv/CMakeFiles/CheckTypeSize/int16.c:33:12: error: use of undeclared identifier 'INT16'
  ('0' +  (SIZE    % 10)),
           ^
/Users/vmantha/Desktop/parallelImageStitcher/include/build_opencv/CMakeFiles/CheckTypeSize/int16.c:27:22: note: expanded from macro 'SIZE'
#define SIZE (sizeof(INT16))
                     ^
5 errors generated.
make[1]: *** [CMakeFiles/cmTC_aabf7.dir/int16.c.o] Error 1
make: *** [cmTC_aabf7/fast] Error 2


/Users/vmantha/Desktop/parallelImageStitcher/include/build_opencv/CMakeFiles/CheckTypeSize/int16.c:
#include <sys/types.h>
#include <stdint.h>
#include <stddef.h>


#undef KEY
#if defined(__i386)
# define KEY '_','_','i','3','8','6'
#elif defined(__x86_64)
# define KEY '_','_','x','8','6','_','6','4'
#elif defined(__PPC64__)
# define KEY '_','_','P','P','C','6','4','_','_'
#elif defined(__ppc64__)
# define KEY '_','_','p','p','c','6','4','_','_'
#elif defined(__PPC__)
# define KEY '_','_','P','P','C','_','_'
#elif defined(__ppc__)
# define KEY '_','_','p','p','c','_','_'
#elif defined(__aarch64__)
# define KEY '_','_','a','a','r','c','h','6','4','_','_'
#elif defined(__ARM_ARCH_7A__)
# define KEY '_','_','A','R','M','_','A','R','C','H','_','7','A','_','_'
#elif defined(__ARM_ARCH_7S__)
# define KEY '_','_','A','R','M','_','A','R','C','H','_','7','S','_','_'
#endif

#define SIZE (sizeof(INT16))
static char info_size[] =  {'I', 'N', 'F', 'O', ':', 's','i','z','e','[',
  ('0' + ((SIZE / 10000)%10)),
  ('0' + ((SIZE / 1000)%10)),
  ('0' + ((SIZE / 100)%10)),
  ('0' + ((SIZE / 10)%10)),
  ('0' +  (SIZE    % 10)),
  ']',
#ifdef KEY
  ' ','k','e','y','[', KEY, ']',
#endif
  '\0'};

#ifdef __CLASSIC_C__
int main(argc, argv) int argc; char *argv[];
#else
int main(int argc, char *argv[])
#endif
{
  int require = 0;
  require += info_size[argc];
  (void)argv;
  return require;
}


Determining size of INT32 failed with the following output:
Change Dir: /Users/vmantha/Desktop/parallelImageStitcher/include/build_opencv/CMakeFiles/CMakeTmp

Run Build Command(s):/usr/bin/make cmTC_89927/fast && /Library/Developer/CommandLineTools/usr/bin/make  -f CMakeFiles/cmTC_89927.dir/build.make CMakeFiles/cmTC_89927.dir/build
Building C object CMakeFiles/cmTC_89927.dir/int32.c.o
/Library/Developer/CommandLineTools/usr/bin/cc   -fsigned-char -W -Wall -Werror=return-type -Werror=non-virtual-dtor -Werror=address -Werror=sequence-point -Wformat -Werror=format-security -Wmissing-declarations -Wmissing-prototypes -Wstrict-prototypes -Wundef -Winit-self -Wpointer-arith -Wshadow -Wsign-promo -Wuninitialized -Wno-delete-non-virtual-dtor -Wno-unnamed-type-template-args -Wno-comment -fdiagnostics-show-option -Wno-long-long -Qunused-arguments -Wno-semicolon-before-method-body -ffunction-sections -fdata-sections  -fvisibility=hidden -fvisibility-inlines-hidden  -O3 -DNDEBUG  -DNDEBUG -isysroot /Library/Developer/CommandLineTools/SDKs/MacOSX11.0.sdk -fPIE -o CMakeFiles/cmTC_89927.dir/int32.c.o -c /Users/vmantha/Desktop/parallelImageStitcher/include/build_opencv/CMakeFiles/CheckTypeSize/int32.c
/Users/vmantha/Desktop/parallelImageStitcher/include/build_opencv/CMakeFiles/CheckTypeSize/int32.c:29:12: error: use of undeclared identifier 'INT32'
  ('0' + ((SIZE / 10000)%10)),
           ^
/Users/vmantha/Desktop/parallelImageStitcher/include/build_opencv/CMakeFiles/CheckTypeSize/int32.c:27:22: note: expanded from macro 'SIZE'
#define SIZE (sizeof(INT32))
                     ^
/Users/vmantha/Desktop/parallelImageStitcher/include/build_opencv/CMakeFiles/CheckTypeSize/int32.c:30:12: error: use of undeclared identifier 'INT32'
  ('0' + ((SIZE / 1000)%10)),
           ^
/Users/vmantha/Desktop/parallelImageStitcher/include/build_opencv/CMakeFiles/CheckTypeSize/int32.c:27:22: note: expanded from macro 'SIZE'
#define SIZE (sizeof(INT32))
                     ^
/Users/vmantha/Desktop/parallelImageStitcher/include/build_opencv/CMakeFiles/CheckTypeSize/int32.c:31:12: error: use of undeclared identifier 'INT32'
  ('0' + ((SIZE / 100)%10)),
           ^
/Users/vmantha/Desktop/parallelImageStitcher/include/build_opencv/CMakeFiles/CheckTypeSize/int32.c:27:22: note: expanded from macro 'SIZE'
#define SIZE (sizeof(INT32))
                     ^
/Users/vmantha/Desktop/parallelImageStitcher/include/build_opencv/CMakeFiles/CheckTypeSize/int32.c:32:12: error: use of undeclared identifier 'INT32'
  ('0' + ((SIZE / 10)%10)),
           ^
/Users/vmantha/Desktop/parallelImageStitcher/include/build_opencv/CMakeFiles/CheckTypeSize/int32.c:27:22: note: expanded from macro 'SIZE'
#define SIZE (sizeof(INT32))
                     ^
/Users/vmantha/Desktop/parallelImageStitcher/include/build_opencv/CMakeFiles/CheckTypeSize/int32.c:33:12: error: use of undeclared identifier 'INT32'
  ('0' +  (SIZE    % 10)),
           ^
/Users/vmantha/Desktop/parallelImageStitcher/include/build_opencv/CMakeFiles/CheckTypeSize/int32.c:27:22: note: expanded from macro 'SIZE'
#define SIZE (sizeof(INT32))
                     ^
5 errors generated.
make[1]: *** [CMakeFiles/cmTC_89927.dir/int32.c.o] Error 1
make: *** [cmTC_89927/fast] Error 2


/Users/vmantha/Desktop/parallelImageStitcher/include/build_opencv/CMakeFiles/CheckTypeSize/int32.c:
#include <sys/types.h>
#include <stdint.h>
#include <stddef.h>


#undef KEY
#if defined(__i386)
# define KEY '_','_','i','3','8','6'
#elif defined(__x86_64)
# define KEY '_','_','x','8','6','_','6','4'
#elif defined(__PPC64__)
# define KEY '_','_','P','P','C','6','4','_','_'
#elif defined(__ppc64__)
# define KEY '_','_','p','p','c','6','4','_','_'
#elif defined(__PPC__)
# define KEY '_','_','P','P','C','_','_'
#elif defined(__ppc__)
# define KEY '_','_','p','p','c','_','_'
#elif defined(__aarch64__)
# define KEY '_','_','a','a','r','c','h','6','4','_','_'
#elif defined(__ARM_ARCH_7A__)
# define KEY '_','_','A','R','M','_','A','R','C','H','_','7','A','_','_'
#elif defined(__ARM_ARCH_7S__)
# define KEY '_','_','A','R','M','_','A','R','C','H','_','7','S','_','_'
#endif

#define SIZE (sizeof(INT32))
static char info_size[] =  {'I', 'N', 'F', 'O', ':', 's','i','z','e','[',
  ('0' + ((SIZE / 10000)%10)),
  ('0' + ((SIZE / 1000)%10)),
  ('0' + ((SIZE / 100)%10)),
  ('0' + ((SIZE / 10)%10)),
  ('0' +  (SIZE    % 10)),
  ']',
#ifdef KEY
  ' ','k','e','y','[', KEY, ']',
#endif
  '\0'};

#ifdef __CLASSIC_C__
int main(argc, argv) int argc; char *argv[];
#else
int main(int argc, char *argv[])
#endif
{
  int require = 0;
  require += info_size[argc];
  (void)argv;
  return require;
}


Build output check failed:
    Regex: 'unknown .*option'
    Output line: 'warning: unknown warning option '-Wno-unused-but-set-variable', did you mean '-Wno-unused-const-variable'? [-Wunknown-warning-option]'
Compilation failed:
    source file: '/Users/vmantha/Desktop/parallelImageStitcher/include/build_opencv/CMakeFiles/CMakeTmp/src.c'
    check option: ' -Wno-unused-but-set-variable'
===== BUILD LOG =====
Change Dir: /Users/vmantha/Desktop/parallelImageStitcher/include/build_opencv/CMakeFiles/CMakeTmp

Run Build Command(s):/usr/bin/make cmTC_1766a/fast && /Library/Developer/CommandLineTools/usr/bin/make  -f CMakeFiles/cmTC_1766a.dir/build.make CMakeFiles/cmTC_1766a.dir/build
Building C object CMakeFiles/cmTC_1766a.dir/src.c.o
/Library/Developer/CommandLineTools/usr/bin/cc   -fsigned-char -W -Wall -Werror=return-type -Werror=non-virtual-dtor -Werror=address -Werror=sequence-point -Wformat -Werror=format-security -Wmissing-declarations -Wmissing-prototypes -Wstrict-prototypes -Wundef -Winit-self -Wpointer-arith -Wshadow -Wsign-promo -Wuninitialized -Wno-delete-non-virtual-dtor -Wno-unnamed-type-template-args -Wno-comment -fdiagnostics-show-option -Wno-long-long -Qunused-arguments -Wno-semicolon-before-method-body -ffunction-sections -fdata-sections  -fvisibility=hidden -fvisibility-inlines-hidden  -O3 -DNDEBUG  -DNDEBUG -isysroot /Library/Developer/CommandLineTools/SDKs/MacOSX11.0.sdk -fPIE    -Wno-unused-but-set-variable -o CMakeFiles/cmTC_1766a.dir/src.c.o -c /Users/vmantha/Desktop/parallelImageStitcher/include/build_opencv/CMakeFiles/CMakeTmp/src.c
warning: unknown warning option '-Wno-unused-but-set-variable'; did you mean '-Wno-unused-const-variable'? [-Wunknown-warning-option]
/Users/vmantha/Desktop/parallelImageStitcher/include/build_opencv/CMakeFiles/CMakeTmp/src.c:1:8: warning: unknown pragma ignored [-Wunknown-pragmas]
#pragma
       ^
2 warnings generated.
Linking C executable cmTC_1766a
/usr/local/Cellar/cmake/3.18.2/bin/cmake -E cmake_link_script CMakeFiles/cmTC_1766a.dir/link.txt --verbose=1
/Library/Developer/CommandLineTools/usr/bin/cc    -fsigned-char -W -Wall -Werror=return-type -Werror=non-virtual-dtor -Werror=address -Werror=sequence-point -Wformat -Werror=format-security -Wmissing-declarations -Wmissing-prototypes -Wstrict-prototypes -Wundef -Winit-self -Wpointer-arith -Wshadow -Wsign-promo -Wuninitialized -Wno-delete-non-virtual-dtor -Wno-unnamed-type-template-args -Wno-comment -fdiagnostics-show-option -Wno-long-long -Qunused-arguments -Wno-semicolon-before-method-body -ffunction-sections -fdata-sections  -fvisibility=hidden -fvisibility-inlines-hidden  -O3 -DNDEBUG  -DNDEBUG -isysroot /Library/Developer/CommandLineTools/SDKs/MacOSX11.0.sdk -Wl,-search_paths_first -Wl,-headerpad_max_install_names   -Wl,-dead_strip  CMakeFiles/cmTC_1766a.dir/src.c.o -o cmTC_1766a 


===== END =====

Build output check failed:
    Regex: 'unknown .*option'
    Output line: 'warning: unknown warning option '-Wno-maybe-uninitialized', did you mean '-Wno-uninitialized'? [-Wunknown-warning-option]'
Compilation failed:
    source file: '/Users/vmantha/Desktop/parallelImageStitcher/include/build_opencv/CMakeFiles/CMakeTmp/src.c'
    check option: ' -Wno-maybe-uninitialized'
===== BUILD LOG =====
Change Dir: /Users/vmantha/Desktop/parallelImageStitcher/include/build_opencv/CMakeFiles/CMakeTmp

Run Build Command(s):/usr/bin/make cmTC_582ae/fast && /Library/Developer/CommandLineTools/usr/bin/make  -f CMakeFiles/cmTC_582ae.dir/build.make CMakeFiles/cmTC_582ae.dir/build
Building C object CMakeFiles/cmTC_582ae.dir/src.c.o
/Library/Developer/CommandLineTools/usr/bin/cc   -fsigned-char -W -Wall -Werror=return-type -Werror=non-virtual-dtor -Werror=address -Werror=sequence-point -Wformat -Werror=format-security -Wstrict-prototypes -Winit-self -Wpointer-arith -Wsign-promo -Wuninitialized -Wno-delete-non-virtual-dtor -Wno-unnamed-type-template-args -Wno-comment -fdiagnostics-show-option -Wno-long-long -Qunused-arguments -Wno-semicolon-before-method-body -ffunction-sections -fdata-sections  -fvisibility=hidden -fvisibility-inlines-hidden -Wno-missing-prototypes -Wno-missing-declarations -Wno-undef -Wno-unused -Wno-sign-compare -Wno-cast-align -Wno-shadow  -O3 -DNDEBUG  -DNDEBUG -isysroot /Library/Developer/CommandLineTools/SDKs/MacOSX11.0.sdk -fPIE    -Wno-maybe-uninitialized -o CMakeFiles/cmTC_582ae.dir/src.c.o -c /Users/vmantha/Desktop/parallelImageStitcher/include/build_opencv/CMakeFiles/CMakeTmp/src.c
warning: unknown warning option '-Wno-maybe-uninitialized'; did you mean '-Wno-uninitialized'? [-Wunknown-warning-option]
/Users/vmantha/Desktop/parallelImageStitcher/include/build_opencv/CMakeFiles/CMakeTmp/src.c:1:8: warning: unknown pragma ignored [-Wunknown-pragmas]
#pragma
       ^
2 warnings generated.
Linking C executable cmTC_582ae
/usr/local/Cellar/cmake/3.18.2/bin/cmake -E cmake_link_script CMakeFiles/cmTC_582ae.dir/link.txt --verbose=1
/Library/Developer/CommandLineTools/usr/bin/cc    -fsigned-char -W -Wall -Werror=return-type -Werror=non-virtual-dtor -Werror=address -Werror=sequence-point -Wformat -Werror=format-security -Wstrict-prototypes -Winit-self -Wpointer-arith -Wsign-promo -Wuninitialized -Wno-delete-non-virtual-dtor -Wno-unnamed-type-template-args -Wno-comment -fdiagnostics-show-option -Wno-long-long -Qunused-arguments -Wno-semicolon-before-method-body -ffunction-sections -fdata-sections  -fvisibility=hidden -fvisibility-inlines-hidden -Wno-missing-prototypes -Wno-missing-declarations -Wno-undef -Wno-unused -Wno-sign-compare -Wno-cast-align -Wno-shadow  -O3 -DNDEBUG  -DNDEBUG -isysroot /Library/Developer/CommandLineTools/SDKs/MacOSX11.0.sdk -Wl,-search_paths_first -Wl,-headerpad_max_install_names   -Wl,-dead_strip  CMakeFiles/cmTC_582ae.dir/src.c.o -o cmTC_582ae 


===== END =====

Build output check failed:
    Regex: 'unknown .*option'
    Output line: 'warning: unknown warning option '-Wno-implicit-const-int-float-conversion', did you mean '-Wno-implicit-int-float-conversion'? [-Wunknown-warning-option]'
Compilation failed:
    source file: '/Users/vmantha/Desktop/parallelImageStitcher/include/build_opencv/CMakeFiles/CMakeTmp/src.c'
    check option: ' -Wno-implicit-const-int-float-conversion'
===== BUILD LOG =====
Change Dir: /Users/vmantha/Desktop/parallelImageStitcher/include/build_opencv/CMakeFiles/CMakeTmp

Run Build Command(s):/usr/bin/make cmTC_cb9da/fast && /Library/Developer/CommandLineTools/usr/bin/make  -f CMakeFiles/cmTC_cb9da.dir/build.make CMakeFiles/cmTC_cb9da.dir/build
Building C object CMakeFiles/cmTC_cb9da.dir/src.c.o
/Library/Developer/CommandLineTools/usr/bin/cc   -fsigned-char -W -Wall -Werror=return-type -Werror=non-virtual-dtor -Werror=address -Werror=sequence-point -Wformat -Werror=format-security -Wmissing-declarations -Wmissing-prototypes -Wstrict-prototypes -Wundef -Winit-self -Wpointer-arith -Wshadow -Wsign-promo -Wuninitialized -Wno-delete-non-virtual-dtor -Wno-unnamed-type-template-args -Wno-comment -fdiagnostics-show-option -Wno-long-long -Qunused-arguments -Wno-semicolon-before-method-body -ffunction-sections -fdata-sections  -fvisibility=hidden -fvisibility-inlines-hidden  -O3 -DNDEBUG  -DNDEBUG -isysroot /Library/Developer/CommandLineTools/SDKs/MacOSX11.0.sdk -fPIE    -Wno-implicit-const-int-float-conversion -o CMakeFiles/cmTC_cb9da.dir/src.c.o -c /Users/vmantha/Desktop/parallelImageStitcher/include/build_opencv/CMakeFiles/CMakeTmp/src.c
warning: unknown warning option '-Wno-implicit-const-int-float-conversion'; did you mean '-Wno-implicit-int-float-conversion'? [-Wunknown-warning-option]
/Users/vmantha/Desktop/parallelImageStitcher/include/build_opencv/CMakeFiles/CMakeTmp/src.c:1:8: warning: unknown pragma ignored [-Wunknown-pragmas]
#pragma
       ^
2 warnings generated.
Linking C executable cmTC_cb9da
/usr/local/Cellar/cmake/3.18.2/bin/cmake -E cmake_link_script CMakeFiles/cmTC_cb9da.dir/link.txt --verbose=1
/Library/Developer/CommandLineTools/usr/bin/cc    -fsigned-char -W -Wall -Werror=return-type -Werror=non-virtual-dtor -Werror=address -Werror=sequence-point -Wformat -Werror=format-security -Wmissing-declarations -Wmissing-prototypes -Wstrict-prototypes -Wundef -Winit-self -Wpointer-arith -Wshadow -Wsign-promo -Wuninitialized -Wno-delete-non-virtual-dtor -Wno-unnamed-type-template-args -Wno-comment -fdiagnostics-show-option -Wno-long-long -Qunused-arguments -Wno-semicolon-before-method-body -ffunction-sections -fdata-sections  -fvisibility=hidden -fvisibility-inlines-hidden  -O3 -DNDEBUG  -DNDEBUG -isysroot /Library/Developer/CommandLineTools/SDKs/MacOSX11.0.sdk -Wl,-search_paths_first -Wl,-headerpad_max_install_names   -Wl,-dead_strip  CMakeFiles/cmTC_cb9da.dir/src.c.o -o cmTC_cb9da 


===== END =====

Determining if files malloc.h exist failed with the following output:
Change Dir: /Users/vmantha/Desktop/parallelImageStitcher/include/build_opencv/CMakeFiles/CMakeTmp

Run Build Command(s):/usr/bin/make cmTC_15d24/fast && /Library/Developer/CommandLineTools/usr/bin/make  -f CMakeFiles/cmTC_15d24.dir/build.make CMakeFiles/cmTC_15d24.dir/build
Building C object CMakeFiles/cmTC_15d24.dir/OPJ_HAVE_MALLOC_H.c.o
/Library/Developer/CommandLineTools/usr/bin/cc   -fsigned-char -W -Wall -Werror=return-type -Werror=non-virtual-dtor -Werror=address -Werror=sequence-point -Wformat -Werror=format-security -Wmissing-declarations -Wmissing-prototypes -Wstrict-prototypes -Wundef -Winit-self -Wpointer-arith -Wshadow -Wsign-promo -Wuninitialized -Wno-delete-non-virtual-dtor -Wno-unnamed-type-template-args -Wno-comment -fdiagnostics-show-option -Wno-long-long -Qunused-arguments -Wno-semicolon-before-method-body -ffunction-sections -fdata-sections  -fvisibility=hidden -fvisibility-inlines-hidden  -O3 -DNDEBUG  -DNDEBUG -isysroot /Library/Developer/CommandLineTools/SDKs/MacOSX11.0.sdk -fPIE -o CMakeFiles/cmTC_15d24.dir/OPJ_HAVE_MALLOC_H.c.o -c /Users/vmantha/Desktop/parallelImageStitcher/include/build_opencv/CMakeFiles/CheckIncludeFiles/OPJ_HAVE_MALLOC_H.c
/Users/vmantha/Desktop/parallelImageStitcher/include/build_opencv/CMakeFiles/CheckIncludeFiles/OPJ_HAVE_MALLOC_H.c:2:10: fatal error: 'malloc.h' file not found
#include <malloc.h>
         ^~~~~~~~~~
1 error generated.
make[1]: *** [CMakeFiles/cmTC_15d24.dir/OPJ_HAVE_MALLOC_H.c.o] Error 1
make: *** [cmTC_15d24/fast] Error 2


Source:
/* */
#include <malloc.h>


int main(void){return 0;}

Determining if the _aligned_malloc exist failed with the following output:
Change Dir: /Users/vmantha/Desktop/parallelImageStitcher/include/build_opencv/CMakeFiles/CMakeTmp

Run Build Command(s):/usr/bin/make cmTC_f20e7/fast && /Library/Developer/CommandLineTools/usr/bin/make  -f CMakeFiles/cmTC_f20e7.dir/build.make CMakeFiles/cmTC_f20e7.dir/build
Building C object CMakeFiles/cmTC_f20e7.dir/CheckSymbolExists.c.o
/Library/Developer/CommandLineTools/usr/bin/cc   -fsigned-char -W -Wall -Werror=return-type -Werror=non-virtual-dtor -Werror=address -Werror=sequence-point -Wformat -Werror=format-security -Wmissing-declarations -Wmissing-prototypes -Wstrict-prototypes -Wundef -Winit-self -Wpointer-arith -Wshadow -Wsign-promo -Wuninitialized -Wno-delete-non-virtual-dtor -Wno-unnamed-type-template-args -Wno-comment -fdiagnostics-show-option -Wno-long-long -Qunused-arguments -Wno-semicolon-before-method-body -ffunction-sections -fdata-sections  -fvisibility=hidden -fvisibility-inlines-hidden  -O3 -DNDEBUG  -DNDEBUG -isysroot /Library/Developer/CommandLineTools/SDKs/MacOSX11.0.sdk -fPIE -o CMakeFiles/cmTC_f20e7.dir/CheckSymbolExists.c.o -c /Users/vmantha/Desktop/parallelImageStitcher/include/build_opencv/CMakeFiles/CMakeTmp/CheckSymbolExists.c
/Users/vmantha/Desktop/parallelImageStitcher/include/build_opencv/CMakeFiles/CMakeTmp/CheckSymbolExists.c:2:10: fatal error: 'malloc.h' file not found
#include <malloc.h>
         ^~~~~~~~~~
1 error generated.
make[1]: *** [CMakeFiles/cmTC_f20e7.dir/CheckSymbolExists.c.o] Error 1
make: *** [cmTC_f20e7/fast] Error 2


File /Users/vmantha/Desktop/parallelImageStitcher/include/build_opencv/CMakeFiles/CMakeTmp/CheckSymbolExists.c:
/* */
#include <malloc.h>

int main(int argc, char** argv)
{
  (void)argv;
#ifndef _aligned_malloc
  return ((int*)(&_aligned_malloc))[argc];
#else
  (void)argc;
  return 0;
#endif
}
Determining if the memalign exist failed with the following output:
Change Dir: /Users/vmantha/Desktop/parallelImageStitcher/include/build_opencv/CMakeFiles/CMakeTmp

Run Build Command(s):/usr/bin/make cmTC_f111c/fast && /Library/Developer/CommandLineTools/usr/bin/make  -f CMakeFiles/cmTC_f111c.dir/build.make CMakeFiles/cmTC_f111c.dir/build
Building C object CMakeFiles/cmTC_f111c.dir/CheckSymbolExists.c.o
/Library/Developer/CommandLineTools/usr/bin/cc   -fsigned-char -W -Wall -Werror=return-type -Werror=non-virtual-dtor -Werror=address -Werror=sequence-point -Wformat -Werror=format-security -Wmissing-declarations -Wmissing-prototypes -Wstrict-prototypes -Wundef -Winit-self -Wpointer-arith -Wshadow -Wsign-promo -Wuninitialized -Wno-delete-non-virtual-dtor -Wno-unnamed-type-template-args -Wno-comment -fdiagnostics-show-option -Wno-long-long -Qunused-arguments -Wno-semicolon-before-method-body -ffunction-sections -fdata-sections  -fvisibility=hidden -fvisibility-inlines-hidden  -O3 -DNDEBUG  -DNDEBUG -isysroot /Library/Developer/CommandLineTools/SDKs/MacOSX11.0.sdk -fPIE -o CMakeFiles/cmTC_f111c.dir/CheckSymbolExists.c.o -c /Users/vmantha/Desktop/parallelImageStitcher/include/build_opencv/CMakeFiles/CMakeTmp/CheckSymbolExists.c
/Users/vmantha/Desktop/parallelImageStitcher/include/build_opencv/CMakeFiles/CMakeTmp/CheckSymbolExists.c:2:10: fatal error: 'malloc.h' file not found
#include <malloc.h>
         ^~~~~~~~~~
1 error generated.
make[1]: *** [CMakeFiles/cmTC_f111c.dir/CheckSymbolExists.c.o] Error 1
make: *** [cmTC_f111c/fast] Error 2


File /Users/vmantha/Desktop/parallelImageStitcher/include/build_opencv/CMakeFiles/CMakeTmp/CheckSymbolExists.c:
/* */
#include <malloc.h>

int main(int argc, char** argv)
{
  (void)argv;
#ifndef memalign
  return ((int*)(&memalign))[argc];
#else
  (void)argc;
  return 0;
#endif
}
Build output check failed:
    Regex: 'unknown .*option'
    Output line: 'warning: unknown warning option '-Wno-cast-function-type', did you mean '-Wno-bad-function-cast'? [-Wunknown-warning-option]'
Compilation failed:
    source file: '/Users/vmantha/Desktop/parallelImageStitcher/include/build_opencv/CMakeFiles/CMakeTmp/src.c'
    check option: ' -Wno-cast-function-type'
===== BUILD LOG =====
Change Dir: /Users/vmantha/Desktop/parallelImageStitcher/include/build_opencv/CMakeFiles/CMakeTmp

Run Build Command(s):/usr/bin/make cmTC_fa5ef/fast && /Library/Developer/CommandLineTools/usr/bin/make  -f CMakeFiles/cmTC_fa5ef.dir/build.make CMakeFiles/cmTC_fa5ef.dir/build
Building C object CMakeFiles/cmTC_fa5ef.dir/src.c.o
/Library/Developer/CommandLineTools/usr/bin/cc   -fsigned-char -W -Wall -Werror=return-type -Werror=non-virtual-dtor -Werror=address -Werror=sequence-point -Wformat -Werror=format-security -Wmissing-declarations -Wmissing-prototypes -Winit-self -Wpointer-arith -Wshadow -Wsign-promo -Wuninitialized -Wno-delete-non-virtual-dtor -Wno-unnamed-type-template-args -Wno-comment -fdiagnostics-show-option -Wno-long-long -Qunused-arguments -Wno-semicolon-before-method-body -ffunction-sections -fdata-sections  -fvisibility=hidden -fvisibility-inlines-hidden -Wno-undef -Wno-strict-prototypes  -O3 -DNDEBUG  -DNDEBUG -isysroot /Library/Developer/CommandLineTools/SDKs/MacOSX11.0.sdk -fPIE    -Wno-cast-function-type -o CMakeFiles/cmTC_fa5ef.dir/src.c.o -c /Users/vmantha/Desktop/parallelImageStitcher/include/build_opencv/CMakeFiles/CMakeTmp/src.c
warning: unknown warning option '-Wno-cast-function-type'; did you mean '-Wno-bad-function-cast'? [-Wunknown-warning-option]
/Users/vmantha/Desktop/parallelImageStitcher/include/build_opencv/CMakeFiles/CMakeTmp/src.c:1:8: warning: unknown pragma ignored [-Wunknown-pragmas]
#pragma
       ^
2 warnings generated.
Linking C executable cmTC_fa5ef
/usr/local/Cellar/cmake/3.18.2/bin/cmake -E cmake_link_script CMakeFiles/cmTC_fa5ef.dir/link.txt --verbose=1
/Library/Developer/CommandLineTools/usr/bin/cc    -fsigned-char -W -Wall -Werror=return-type -Werror=non-virtual-dtor -Werror=address -Werror=sequence-point -Wformat -Werror=format-security -Wmissing-declarations -Wmissing-prototypes -Winit-self -Wpointer-arith -Wshadow -Wsign-promo -Wuninitialized -Wno-delete-non-virtual-dtor -Wno-unnamed-type-template-args -Wno-comment -fdiagnostics-show-option -Wno-long-long -Qunused-arguments -Wno-semicolon-before-method-body -ffunction-sections -fdata-sections  -fvisibility=hidden -fvisibility-inlines-hidden -Wno-undef -Wno-strict-prototypes  -O3 -DNDEBUG  -DNDEBUG -isysroot /Library/Developer/CommandLineTools/SDKs/MacOSX11.0.sdk -Wl,-search_paths_first -Wl,-headerpad_max_install_names   -Wl,-dead_strip  CMakeFiles/cmTC_fa5ef.dir/src.c.o -o cmTC_fa5ef 


===== END =====

Build output check failed:
    Regex: 'unknown .*option'
    Output line: 'warning: unknown warning option '-Wno-suggest-override', did you mean '-Wno-shift-overflow'? [-Wunknown-warning-option]'
Compilation failed:
    source file: '/Users/vmantha/Desktop/parallelImageStitcher/include/build_opencv/CMakeFiles/CMakeTmp/src.cxx'
    check option: ' -Wno-suggest-override'
===== BUILD LOG =====
Change Dir: /Users/vmantha/Desktop/parallelImageStitcher/include/build_opencv/CMakeFiles/CMakeTmp

Run Build Command(s):/usr/bin/make cmTC_65497/fast && /Library/Developer/CommandLineTools/usr/bin/make  -f CMakeFiles/cmTC_65497.dir/build.make CMakeFiles/cmTC_65497.dir/build
Building CXX object CMakeFiles/cmTC_65497.dir/src.cxx.o
/Library/Developer/CommandLineTools/usr/bin/c++   -fsigned-char -W -Wall -Werror=return-type -Werror=non-virtual-dtor -Werror=address -Werror=sequence-point -Wformat -Werror=format-security -Wmissing-prototypes -Wstrict-prototypes -Winit-self -Wpointer-arith -Wsign-promo -Wno-delete-non-virtual-dtor -Wno-unnamed-type-template-args -Wno-comment -fdiagnostics-show-option -Wno-long-long -Qunused-arguments -Wno-semicolon-before-method-body -ffunction-sections -fdata-sections  -fvisibility=hidden -fvisibility-inlines-hidden -Wno-shadow -Wno-unused -Wno-sign-compare -Wno-undef -Wno-missing-declarations -Wno-uninitialized -Wno-switch -Wno-parentheses -Wno-array-bounds -Wno-extra -Wno-deprecated-declarations -Wno-misleading-indentation -Wno-deprecated  -O3 -DNDEBUG  -DNDEBUG -isysroot /Library/Developer/CommandLineTools/SDKs/MacOSX11.0.sdk -fPIE    -Wno-suggest-override -std=c++11 -o CMakeFiles/cmTC_65497.dir/src.cxx.o -c /Users/vmantha/Desktop/parallelImageStitcher/include/build_opencv/CMakeFiles/CMakeTmp/src.cxx
warning: unknown warning option '-Wno-suggest-override'; did you mean '-Wno-shift-overflow'? [-Wunknown-warning-option]
/Users/vmantha/Desktop/parallelImageStitcher/include/build_opencv/CMakeFiles/CMakeTmp/src.cxx:1:8: warning: unknown pragma ignored [-Wunknown-pragmas]
#pragma
       ^
2 warnings generated.
Linking CXX executable cmTC_65497
/usr/local/Cellar/cmake/3.18.2/bin/cmake -E cmake_link_script CMakeFiles/cmTC_65497.dir/link.txt --verbose=1
/Library/Developer/CommandLineTools/usr/bin/c++    -fsigned-char -W -Wall -Werror=return-type -Werror=non-virtual-dtor -Werror=address -Werror=sequence-point -Wformat -Werror=format-security -Wmissing-prototypes -Wstrict-prototypes -Winit-self -Wpointer-arith -Wsign-promo -Wno-delete-non-virtual-dtor -Wno-unnamed-type-template-args -Wno-comment -fdiagnostics-show-option -Wno-long-long -Qunused-arguments -Wno-semicolon-before-method-body -ffunction-sections -fdata-sections  -fvisibility=hidden -fvisibility-inlines-hidden -Wno-shadow -Wno-unused -Wno-sign-compare -Wno-undef -Wno-missing-declarations -Wno-uninitialized -Wno-switch -Wno-parentheses -Wno-array-bounds -Wno-extra -Wno-deprecated-declarations -Wno-misleading-indentation -Wno-deprecated  -O3 -DNDEBUG  -DNDEBUG -isysroot /Library/Developer/CommandLineTools/SDKs/MacOSX11.0.sdk -Wl,-search_paths_first -Wl,-headerpad_max_install_names   -Wl,-dead_strip  CMakeFiles/cmTC_65497.dir/src.cxx.o -o cmTC_65497 


===== END =====

Build output check failed:
    Regex: 'unknown .*option'
    Output line: 'warning: unknown warning option '-Wno-implicit-const-int-float-conversion', did you mean '-Wno-implicit-int-float-conversion'? [-Wunknown-warning-option]'
Compilation failed:
    source file: '/Users/vmantha/Desktop/parallelImageStitcher/include/build_opencv/CMakeFiles/CMakeTmp/src.cxx'
    check option: ' -Wno-implicit-const-int-float-conversion'
===== BUILD LOG =====
Change Dir: /Users/vmantha/Desktop/parallelImageStitcher/include/build_opencv/CMakeFiles/CMakeTmp

Run Build Command(s):/usr/bin/make cmTC_a89cf/fast && /Library/Developer/CommandLineTools/usr/bin/make  -f CMakeFiles/cmTC_a89cf.dir/build.make CMakeFiles/cmTC_a89cf.dir/build
Building CXX object CMakeFiles/cmTC_a89cf.dir/src.cxx.o
/Library/Developer/CommandLineTools/usr/bin/c++   -fsigned-char -W -Wall -Werror=return-type -Werror=non-virtual-dtor -Werror=address -Werror=sequence-point -Wformat -Werror=format-security -Wstrict-prototypes -Winit-self -Wpointer-arith -Wsign-promo -Wno-delete-non-virtual-dtor -Wno-unnamed-type-template-args -Wno-comment -fdiagnostics-show-option -Wno-long-long -Qunused-arguments -Wno-semicolon-before-method-body -ffunction-sections -fdata-sections  -fvisibility=hidden -fvisibility-inlines-hidden -Wno-shadow -Wno-unused -Wno-sign-compare -Wno-undef -Wno-missing-declarations -Wno-uninitialized -Wno-switch -Wno-parentheses -Wno-array-bounds -Wno-extra -Wno-deprecated-declarations -Wno-misleading-indentation -Wno-deprecated -Wno-inconsistent-missing-override -Wno-implicit-fallthrough -Wno-tautological-compare -Wno-missing-prototypes -Wno-reorder -Wno-unused-result  -O3 -DNDEBUG  -DNDEBUG -isysroot /Library/Developer/CommandLineTools/SDKs/MacOSX11.0.sdk -fPIE    -Wno-implicit-const-int-float-conversion -std=c++11 -o CMakeFiles/cmTC_a89cf.dir/src.cxx.o -c /Users/vmantha/Desktop/parallelImageStitcher/include/build_opencv/CMakeFiles/CMakeTmp/src.cxx
warning: unknown warning option '-Wno-implicit-const-int-float-conversion'; did you mean '-Wno-implicit-int-float-conversion'? [-Wunknown-warning-option]
/Users/vmantha/Desktop/parallelImageStitcher/include/build_opencv/CMakeFiles/CMakeTmp/src.cxx:1:8: warning: unknown pragma ignored [-Wunknown-pragmas]
#pragma
       ^
2 warnings generated.
Linking CXX executable cmTC_a89cf
/usr/local/Cellar/cmake/3.18.2/bin/cmake -E cmake_link_script CMakeFiles/cmTC_a89cf.dir/link.txt --verbose=1
/Library/Developer/CommandLineTools/usr/bin/c++    -fsigned-char -W -Wall -Werror=return-type -Werror=non-virtual-dtor -Werror=address -Werror=sequence-point -Wformat -Werror=format-security -Wstrict-prototypes -Winit-self -Wpointer-arith -Wsign-promo -Wno-delete-non-virtual-dtor -Wno-unnamed-type-template-args -Wno-comment -fdiagnostics-show-option -Wno-long-long -Qunused-arguments -Wno-semicolon-before-method-body -ffunction-sections -fdata-sections  -fvisibility=hidden -fvisibility-inlines-hidden -Wno-shadow -Wno-unused -Wno-sign-compare -Wno-undef -Wno-missing-declarations -Wno-uninitialized -Wno-switch -Wno-parentheses -Wno-array-bounds -Wno-extra -Wno-deprecated-declarations -Wno-misleading-indentation -Wno-deprecated -Wno-inconsistent-missing-override -Wno-implicit-fallthrough -Wno-tautological-compare -Wno-missing-prototypes -Wno-reorder -Wno-unused-result  -O3 -DNDEBUG  -DNDEBUG -isysroot /Library/Developer/CommandLineTools/SDKs/MacOSX11.0.sdk -Wl,-search_paths_first -Wl,-headerpad_max_install_names   -Wl,-dead_strip  CMakeFiles/cmTC_a89cf.dir/src.cxx.o -o cmTC_a89cf 


===== END =====

Determining if the function sgemm_ exists failed with the following output:
Change Dir: /Users/vmantha/Desktop/parallelImageStitcher/include/build_opencv/CMakeFiles/CMakeTmp

Run Build Command(s):/usr/bin/make cmTC_1b4c1/fast && /Library/Developer/CommandLineTools/usr/bin/make  -f CMakeFiles/cmTC_1b4c1.dir/build.make CMakeFiles/cmTC_1b4c1.dir/build
Building C object CMakeFiles/cmTC_1b4c1.dir/CheckFunctionExists.c.o
/Library/Developer/CommandLineTools/usr/bin/cc   -fsigned-char -W -Wall -Werror=return-type -Werror=non-virtual-dtor -Werror=address -Werror=sequence-point -Wformat -Werror=format-security -Wmissing-declarations -Wmissing-prototypes -Wstrict-prototypes -Wundef -Winit-self -Wpointer-arith -Wshadow -Wsign-promo -Wuninitialized -Wno-delete-non-virtual-dtor -Wno-unnamed-type-template-args -Wno-comment -fdiagnostics-show-option -Wno-long-long -Qunused-arguments -Wno-semicolon-before-method-body -ffunction-sections -fdata-sections  -fvisibility=hidden -fvisibility-inlines-hidden -DCHECK_FUNCTION_EXISTS=sgemm_ -O3 -DNDEBUG  -DNDEBUG -isysroot /Library/Developer/CommandLineTools/SDKs/MacOSX11.0.sdk -fPIE -o CMakeFiles/cmTC_1b4c1.dir/CheckFunctionExists.c.o -c /usr/local/Cellar/cmake/3.18.2/share/cmake/Modules/CheckFunctionExists.c
Linking C executable cmTC_1b4c1
/usr/local/Cellar/cmake/3.18.2/bin/cmake -E cmake_link_script CMakeFiles/cmTC_1b4c1.dir/link.txt --verbose=1
/Library/Developer/CommandLineTools/usr/bin/cc    -fsigned-char -W -Wall -Werror=return-type -Werror=non-virtual-dtor -Werror=address -Werror=sequence-point -Wformat -Werror=format-security -Wmissing-declarations -Wmissing-prototypes -Wstrict-prototypes -Wundef -Winit-self -Wpointer-arith -Wshadow -Wsign-promo -Wuninitialized -Wno-delete-non-virtual-dtor -Wno-unnamed-type-template-args -Wno-comment -fdiagnostics-show-option -Wno-long-long -Qunused-arguments -Wno-semicolon-before-method-body -ffunction-sections -fdata-sections  -fvisibility=hidden -fvisibility-inlines-hidden -DCHECK_FUNCTION_EXISTS=sgemm_ -O3 -DNDEBUG  -DNDEBUG -isysroot /Library/Developer/CommandLineTools/SDKs/MacOSX11.0.sdk -Wl,-search_paths_first -Wl,-headerpad_max_install_names   -Wl,-dead_strip  CMakeFiles/cmTC_1b4c1.dir/CheckFunctionExists.c.o -o cmTC_1b4c1 
Undefined symbols for architecture x86_64:
  "_sgemm_", referenced from:
      _main in CheckFunctionExists.c.o
ld: symbol(s) not found for architecture x86_64
clang: error: linker command failed with exit code 1 (use -v to see invocation)
make[1]: *** [cmTC_1b4c1] Error 1
make: *** [cmTC_1b4c1/fast] Error 2



Determining if the CL_VERSION_2_2 exist failed with the following output:
Change Dir: /Users/vmantha/Desktop/parallelImageStitcher/include/build_opencv/CMakeFiles/CMakeTmp

Run Build Command(s):/usr/bin/make cmTC_81c61/fast && /Library/Developer/CommandLineTools/usr/bin/make  -f CMakeFiles/cmTC_81c61.dir/build.make CMakeFiles/cmTC_81c61.dir/build
Building C object CMakeFiles/cmTC_81c61.dir/CheckSymbolExists.c.o
/Library/Developer/CommandLineTools/usr/bin/cc  -F/Library/Developer/CommandLineTools/SDKs/MacOSX11.0.sdk/System/Library/Frameworks -fsigned-char -W -Wall -Werror=return-type -Werror=non-virtual-dtor -Werror=address -Werror=sequence-point -Wformat -Werror=format-security -Wmissing-declarations -Wmissing-prototypes -Wstrict-prototypes -Wundef -Winit-self -Wpointer-arith -Wshadow -Wsign-promo -Wuninitialized -Wno-delete-non-virtual-dtor -Wno-unnamed-type-template-args -Wno-comment -fdiagnostics-show-option -Wno-long-long -Qunused-arguments -Wno-semicolon-before-method-body -ffunction-sections -fdata-sections  -fvisibility=hidden -fvisibility-inlines-hidden  -O3 -DNDEBUG  -DNDEBUG -isysroot /Library/Developer/CommandLineTools/SDKs/MacOSX11.0.sdk -fPIE -o CMakeFiles/cmTC_81c61.dir/CheckSymbolExists.c.o -c /Users/vmantha/Desktop/parallelImageStitcher/include/build_opencv/CMakeFiles/CMakeTmp/CheckSymbolExists.c
/Users/vmantha/Desktop/parallelImageStitcher/include/build_opencv/CMakeFiles/CMakeTmp/CheckSymbolExists.c:8:19: error: use of undeclared identifier 'CL_VERSION_2_2'
  return ((int*)(&CL_VERSION_2_2))[argc];
                  ^
1 error generated.
make[1]: *** [CMakeFiles/cmTC_81c61.dir/CheckSymbolExists.c.o] Error 1
make: *** [cmTC_81c61/fast] Error 2


File /Users/vmantha/Desktop/parallelImageStitcher/include/build_opencv/CMakeFiles/CMakeTmp/CheckSymbolExists.c:
/* */
#include </Library/Developer/CommandLineTools/SDKs/MacOSX11.0.sdk/System/Library/Frameworks/OpenCL.framework/Headers/cl.h>

int main(int argc, char** argv)
{
  (void)argv;
#ifndef CL_VERSION_2_2
  return ((int*)(&CL_VERSION_2_2))[argc];
#else
  (void)argc;
  return 0;
#endif
}
Determining if the CL_VERSION_2_1 exist failed with the following output:
Change Dir: /Users/vmantha/Desktop/parallelImageStitcher/include/build_opencv/CMakeFiles/CMakeTmp

Run Build Command(s):/usr/bin/make cmTC_5dda1/fast && /Library/Developer/CommandLineTools/usr/bin/make  -f CMakeFiles/cmTC_5dda1.dir/build.make CMakeFiles/cmTC_5dda1.dir/build
Building C object CMakeFiles/cmTC_5dda1.dir/CheckSymbolExists.c.o
/Library/Developer/CommandLineTools/usr/bin/cc  -F/Library/Developer/CommandLineTools/SDKs/MacOSX11.0.sdk/System/Library/Frameworks -fsigned-char -W -Wall -Werror=return-type -Werror=non-virtual-dtor -Werror=address -Werror=sequence-point -Wformat -Werror=format-security -Wmissing-declarations -Wmissing-prototypes -Wstrict-prototypes -Wundef -Winit-self -Wpointer-arith -Wshadow -Wsign-promo -Wuninitialized -Wno-delete-non-virtual-dtor -Wno-unnamed-type-template-args -Wno-comment -fdiagnostics-show-option -Wno-long-long -Qunused-arguments -Wno-semicolon-before-method-body -ffunction-sections -fdata-sections  -fvisibility=hidden -fvisibility-inlines-hidden  -O3 -DNDEBUG  -DNDEBUG -isysroot /Library/Developer/CommandLineTools/SDKs/MacOSX11.0.sdk -fPIE -o CMakeFiles/cmTC_5dda1.dir/CheckSymbolExists.c.o -c /Users/vmantha/Desktop/parallelImageStitcher/include/build_opencv/CMakeFiles/CMakeTmp/CheckSymbolExists.c
/Users/vmantha/Desktop/parallelImageStitcher/include/build_opencv/CMakeFiles/CMakeTmp/CheckSymbolExists.c:8:19: error: use of undeclared identifier 'CL_VERSION_2_1'
  return ((int*)(&CL_VERSION_2_1))[argc];
                  ^
1 error generated.
make[1]: *** [CMakeFiles/cmTC_5dda1.dir/CheckSymbolExists.c.o] Error 1
make: *** [cmTC_5dda1/fast] Error 2


File /Users/vmantha/Desktop/parallelImageStitcher/include/build_opencv/CMakeFiles/CMakeTmp/CheckSymbolExists.c:
/* */
#include </Library/Developer/CommandLineTools/SDKs/MacOSX11.0.sdk/System/Library/Frameworks/OpenCL.framework/Headers/cl.h>

int main(int argc, char** argv)
{
  (void)argv;
#ifndef CL_VERSION_2_1
  return ((int*)(&CL_VERSION_2_1))[argc];
#else
  (void)argc;
  return 0;
#endif
}
Determining if the CL_VERSION_2_0 exist failed with the following output:
Change Dir: /Users/vmantha/Desktop/parallelImageStitcher/include/build_opencv/CMakeFiles/CMakeTmp

Run Build Command(s):/usr/bin/make cmTC_8b9e9/fast && /Library/Developer/CommandLineTools/usr/bin/make  -f CMakeFiles/cmTC_8b9e9.dir/build.make CMakeFiles/cmTC_8b9e9.dir/build
Building C object CMakeFiles/cmTC_8b9e9.dir/CheckSymbolExists.c.o
/Library/Developer/CommandLineTools/usr/bin/cc  -F/Library/Developer/CommandLineTools/SDKs/MacOSX11.0.sdk/System/Library/Frameworks -fsigned-char -W -Wall -Werror=return-type -Werror=non-virtual-dtor -Werror=address -Werror=sequence-point -Wformat -Werror=format-security -Wmissing-declarations -Wmissing-prototypes -Wstrict-prototypes -Wundef -Winit-self -Wpointer-arith -Wshadow -Wsign-promo -Wuninitialized -Wno-delete-non-virtual-dtor -Wno-unnamed-type-template-args -Wno-comment -fdiagnostics-show-option -Wno-long-long -Qunused-arguments -Wno-semicolon-before-method-body -ffunction-sections -fdata-sections  -fvisibility=hidden -fvisibility-inlines-hidden  -O3 -DNDEBUG  -DNDEBUG -isysroot /Library/Developer/CommandLineTools/SDKs/MacOSX11.0.sdk -fPIE -o CMakeFiles/cmTC_8b9e9.dir/CheckSymbolExists.c.o -c /Users/vmantha/Desktop/parallelImageStitcher/include/build_opencv/CMakeFiles/CMakeTmp/CheckSymbolExists.c
/Users/vmantha/Desktop/parallelImageStitcher/include/build_opencv/CMakeFiles/CMakeTmp/CheckSymbolExists.c:8:19: error: use of undeclared identifier 'CL_VERSION_2_0'
  return ((int*)(&CL_VERSION_2_0))[argc];
                  ^
1 error generated.
make[1]: *** [CMakeFiles/cmTC_8b9e9.dir/CheckSymbolExists.c.o] Error 1
make: *** [cmTC_8b9e9/fast] Error 2


File /Users/vmantha/Desktop/parallelImageStitcher/include/build_opencv/CMakeFiles/CMakeTmp/CheckSymbolExists.c:
/* */
#include </Library/Developer/CommandLineTools/SDKs/MacOSX11.0.sdk/System/Library/Frameworks/OpenCL.framework/Headers/cl.h>

int main(int argc, char** argv)
{
  (void)argv;
#ifndef CL_VERSION_2_0
  return ((int*)(&CL_VERSION_2_0))[argc];
#else
  (void)argc;
  return 0;
#endif
}
